<?xml version="1.0" encoding="UTF-8"?>
<testng-results ignored="0" total="11" passed="11" failed="0" skipped="0">
  <reporter-output>
  </reporter-output>
  <suite started-at="2025-05-06T19:03:28 IST" name="Surefire suite" finished-at="2025-05-06T19:09:46 IST" duration-ms="378212">
    <groups>
      <group name="cucumber">
        <method signature="AbstractTestNGCucumberTests.runScenario(io.cucumber.testng.PickleWrapper,io.cucumber.testng.FeatureWrapper)[pri:0, instance:com.saucedemo.runner.CucumberTestRunner@1d296da]" name="runScenario" class="io.cucumber.testng.AbstractTestNGCucumberTests"/>
      </group> <!-- cucumber -->
    </groups>
    <test started-at="2025-05-06T19:03:28 IST" name="Surefire test" finished-at="2025-05-06T19:09:46 IST" duration-ms="378212">
      <class name="com.saucedemo.runner.CucumberTestRunner">
        <test-method is-config="true" signature="setUpClass(org.testng.ITestContext)[pri:0, instance:com.saucedemo.runner.CucumberTestRunner@1d296da]" started-at="2025-05-06T19:03:28 IST" name="setUpClass" finished-at="2025-05-06T19:03:29 IST" duration-ms="720" status="PASS">
          <params>
            <param index="0">
              <value>
                <![CDATA[org.testng.TestRunner@2fd1ad8a]]>
              </value>
            </param>
          </params>
          <reporter-output>
          </reporter-output>
        </test-method> <!-- setUpClass -->
        <test-method signature="runScenario(io.cucumber.testng.PickleWrapper,io.cucumber.testng.FeatureWrapper)[pri:0, instance:com.saucedemo.runner.CucumberTestRunner@1d296da]" started-at="2025-05-06T19:03:29 IST" name="runScenario" description="Runs Cucumber Scenarios" data-provider="scenarios" finished-at="2025-05-06T19:03:36 IST" duration-ms="6901" status="PASS">
          <params>
            <param index="0">
              <value>
                <![CDATA["Successful login with valid credentials"]]>
              </value>
            </param>
            <param index="1">
              <value>
                <![CDATA["Sauce Demo Login Functionality"]]>
              </value>
            </param>
          </params>
          <reporter-output>
          </reporter-output>
        </test-method> <!-- runScenario -->
        <test-method signature="runScenario(io.cucumber.testng.PickleWrapper,io.cucumber.testng.FeatureWrapper)[pri:0, instance:com.saucedemo.runner.CucumberTestRunner@1d296da]" started-at="2025-05-06T19:03:36 IST" name="runScenario" description="Runs Cucumber Scenarios" data-provider="scenarios" finished-at="2025-05-06T19:04:02 IST" duration-ms="26056" status="PASS">
          <params>
            <param index="0">
              <value>
                <![CDATA["Failed login with locked out user"]]>
              </value>
            </param>
            <param index="1">
              <value>
                <![CDATA["Sauce Demo Login Functionality"]]>
              </value>
            </param>
          </params>
          <reporter-output>
          </reporter-output>
        </test-method> <!-- runScenario -->
        <test-method signature="runScenario(io.cucumber.testng.PickleWrapper,io.cucumber.testng.FeatureWrapper)[pri:0, instance:com.saucedemo.runner.CucumberTestRunner@1d296da]" started-at="2025-05-06T19:04:02 IST" name="runScenario" description="Runs Cucumber Scenarios" data-provider="scenarios" finished-at="2025-05-06T19:04:29 IST" duration-ms="26887" status="PASS">
          <params>
            <param index="0">
              <value>
                <![CDATA["Failed login with invalid username"]]>
              </value>
            </param>
            <param index="1">
              <value>
                <![CDATA["Sauce Demo Login Functionality"]]>
              </value>
            </param>
          </params>
          <reporter-output>
          </reporter-output>
        </test-method> <!-- runScenario -->
        <test-method signature="runScenario(io.cucumber.testng.PickleWrapper,io.cucumber.testng.FeatureWrapper)[pri:0, instance:com.saucedemo.runner.CucumberTestRunner@1d296da]" started-at="2025-05-06T19:04:29 IST" name="runScenario" description="Runs Cucumber Scenarios" data-provider="scenarios" finished-at="2025-05-06T19:04:56 IST" duration-ms="27036" status="PASS">
          <params>
            <param index="0">
              <value>
                <![CDATA["Failed login with invalid password"]]>
              </value>
            </param>
            <param index="1">
              <value>
                <![CDATA["Sauce Demo Login Functionality"]]>
              </value>
            </param>
          </params>
          <reporter-output>
          </reporter-output>
        </test-method> <!-- runScenario -->
        <test-method signature="runScenario(io.cucumber.testng.PickleWrapper,io.cucumber.testng.FeatureWrapper)[pri:0, instance:com.saucedemo.runner.CucumberTestRunner@1d296da]" started-at="2025-05-06T19:04:56 IST" name="runScenario" description="Runs Cucumber Scenarios" data-provider="scenarios" finished-at="2025-05-06T19:08:04 IST" duration-ms="187987" status="PASS">
          <params>
            <param index="0">
              <value>
                <![CDATA["Failed login with empty credentials"]]>
              </value>
            </param>
            <param index="1">
              <value>
                <![CDATA["Sauce Demo Login Functionality"]]>
              </value>
            </param>
          </params>
          <reporter-output>
          </reporter-output>
        </test-method> <!-- runScenario -->
        <test-method signature="runScenario(io.cucumber.testng.PickleWrapper,io.cucumber.testng.FeatureWrapper)[pri:0, instance:com.saucedemo.runner.CucumberTestRunner@1d296da]" started-at="2025-05-06T19:08:04 IST" name="runScenario" description="Runs Cucumber Scenarios" data-provider="scenarios" finished-at="2025-05-06T19:08:11 IST" duration-ms="6706" status="PASS">
          <params>
            <param index="0">
              <value>
                <![CDATA["Login with different types of users"]]>
              </value>
            </param>
            <param index="1">
              <value>
                <![CDATA["Sauce Demo Login Functionality"]]>
              </value>
            </param>
          </params>
          <reporter-output>
          </reporter-output>
        </test-method> <!-- runScenario -->
        <test-method signature="runScenario(io.cucumber.testng.PickleWrapper,io.cucumber.testng.FeatureWrapper)[pri:0, instance:com.saucedemo.runner.CucumberTestRunner@1d296da]" started-at="2025-05-06T19:08:11 IST" name="runScenario" description="Runs Cucumber Scenarios" data-provider="scenarios" finished-at="2025-05-06T19:08:16 IST" duration-ms="5779" status="PASS">
          <params>
            <param index="0">
              <value>
                <![CDATA["Login with different types of users"]]>
              </value>
            </param>
            <param index="1">
              <value>
                <![CDATA["Sauce Demo Login Functionality"]]>
              </value>
            </param>
          </params>
          <reporter-output>
          </reporter-output>
        </test-method> <!-- runScenario -->
        <test-method signature="runScenario(io.cucumber.testng.PickleWrapper,io.cucumber.testng.FeatureWrapper)[pri:0, instance:com.saucedemo.runner.CucumberTestRunner@1d296da]" started-at="2025-05-06T19:08:16 IST" name="runScenario" description="Runs Cucumber Scenarios" data-provider="scenarios" finished-at="2025-05-06T19:08:27 IST" duration-ms="10887" status="PASS">
          <params>
            <param index="0">
              <value>
                <![CDATA["Login with different types of users"]]>
              </value>
            </param>
            <param index="1">
              <value>
                <![CDATA["Sauce Demo Login Functionality"]]>
              </value>
            </param>
          </params>
          <reporter-output>
          </reporter-output>
        </test-method> <!-- runScenario -->
        <test-method signature="runScenario(io.cucumber.testng.PickleWrapper,io.cucumber.testng.FeatureWrapper)[pri:0, instance:com.saucedemo.runner.CucumberTestRunner@1d296da]" started-at="2025-05-06T19:08:27 IST" name="runScenario" description="Runs Cucumber Scenarios" data-provider="scenarios" finished-at="2025-05-06T19:08:53 IST" duration-ms="26024" status="PASS">
          <params>
            <param index="0">
              <value>
                <![CDATA["Login with different types of users"]]>
              </value>
            </param>
            <param index="1">
              <value>
                <![CDATA["Sauce Demo Login Functionality"]]>
              </value>
            </param>
          </params>
          <reporter-output>
          </reporter-output>
        </test-method> <!-- runScenario -->
        <test-method signature="runScenario(io.cucumber.testng.PickleWrapper,io.cucumber.testng.FeatureWrapper)[pri:0, instance:com.saucedemo.runner.CucumberTestRunner@1d296da]" started-at="2025-05-06T19:08:53 IST" name="runScenario" description="Runs Cucumber Scenarios" data-provider="scenarios" finished-at="2025-05-06T19:09:20 IST" duration-ms="26308" status="PASS">
          <params>
            <param index="0">
              <value>
                <![CDATA["Login with different types of users"]]>
              </value>
            </param>
            <param index="1">
              <value>
                <![CDATA["Sauce Demo Login Functionality"]]>
              </value>
            </param>
          </params>
          <reporter-output>
          </reporter-output>
        </test-method> <!-- runScenario -->
        <test-method signature="runScenario(io.cucumber.testng.PickleWrapper,io.cucumber.testng.FeatureWrapper)[pri:0, instance:com.saucedemo.runner.CucumberTestRunner@1d296da]" started-at="2025-05-06T19:09:20 IST" name="runScenario" description="Runs Cucumber Scenarios" data-provider="scenarios" finished-at="2025-05-06T19:09:46 IST" duration-ms="26804" status="PASS">
          <params>
            <param index="0">
              <value>
                <![CDATA["Login with different types of users"]]>
              </value>
            </param>
            <param index="1">
              <value>
                <![CDATA["Sauce Demo Login Functionality"]]>
              </value>
            </param>
          </params>
          <reporter-output>
          </reporter-output>
        </test-method> <!-- runScenario -->
        <test-method is-config="true" signature="tearDownClass()[pri:0, instance:com.saucedemo.runner.CucumberTestRunner@1d296da]" started-at="2025-05-06T19:09:46 IST" name="tearDownClass" finished-at="2025-05-06T19:09:46 IST" duration-ms="59" status="PASS">
          <reporter-output>
          </reporter-output>
        </test-method> <!-- tearDownClass -->
      </class> <!-- com.saucedemo.runner.CucumberTestRunner -->
    </test> <!-- Surefire test -->
  </suite> <!-- Surefire suite -->
</testng-results>
