<?xml version="1.0" encoding="UTF-8"?>
<testsuite xmlns:xsi="http://www.w3.org/2001/XMLSchema-instance" xsi:noNamespaceSchemaLocation="https://maven.apache.org/surefire/maven-surefire-plugin/xsd/surefire-test-report.xsd" version="3.0.2" name="com.saucedemo.runner.CucumberTestRunner" time="378.904" tests="11" errors="0" skipped="0" failures="0">
  <properties>
[...]
</properties>
  <testcase name="runScenario[&quot;Successful login with valid credentials&quot;, &quot;Sauce Demo Login Functionality&quot;](1)" classname="com.saucedemo.runner.CucumberTestRunner" time="6.9">
    <system-out><![CDATA[
Scenario: Successful login with valid credentials                                 # src/test/resources/features/login.feature:9
  Given the user is on the login page                                             # com.saucedemo.stepdefinitions.LoginSteps.userIsOnLoginPage()
  When the user logs in with username "standard_user" and password "secret_sauce" # com.saucedemo.stepdefinitions.LoginSteps.userLogsInWithCredentials(java.lang.String,java.lang.String)
  Then the user should be logged in successfully                                  # com.saucedemo.stepdefinitions.LoginSteps.userShouldBeLoggedInSuccessfully()
]]></system-out>
  </testcase>
  <testcase name="runScenario[&quot;Failed login with locked out user&quot;, &quot;Sauce Demo Login Functionality&quot;](2)" classname="com.saucedemo.runner.CucumberTestRunner" time="26.051">
    <system-out><![CDATA[
Scenario: Failed login with locked out user                                         # src/test/resources/features/login.feature:13
  Given the user is on the login page                                               # com.saucedemo.stepdefinitions.LoginSteps.userIsOnLoginPage()
  When the user logs in with username "locked_out_user" and password "secret_sauce" # com.saucedemo.stepdefinitions.LoginSteps.userLogsInWithCredentials(java.lang.String,java.lang.String)
  Then the user should see an error message containing "locked out"                 # com.saucedemo.stepdefinitions.LoginSteps.userShouldSeeErrorMessage(java.lang.String)
]]></system-out>
  </testcase>
  <testcase name="runScenario[&quot;Failed login with invalid username&quot;, &quot;Sauce Demo Login Functionality&quot;](3)" classname="com.saucedemo.runner.CucumberTestRunner" time="26.888">
    <system-out><![CDATA[
Scenario: Failed login with invalid username                                                # src/test/resources/features/login.feature:17
  Given the user is on the login page                                                       # com.saucedemo.stepdefinitions.LoginSteps.userIsOnLoginPage()
  When the user logs in with username "invalid_user" and password "secret_sauce"            # com.saucedemo.stepdefinitions.LoginSteps.userLogsInWithCredentials(java.lang.String,java.lang.String)
  Then the user should see an error message containing "Username and password do not match" # com.saucedemo.stepdefinitions.LoginSteps.userShouldSeeErrorMessage(java.lang.String)
]]></system-out>
  </testcase>
  <testcase name="runScenario[&quot;Failed login with invalid password&quot;, &quot;Sauce Demo Login Functionality&quot;](4)" classname="com.saucedemo.runner.CucumberTestRunner" time="27.036">
    <system-out><![CDATA[
Scenario: Failed login with invalid password                                                # src/test/resources/features/login.feature:21
  Given the user is on the login page                                                       # com.saucedemo.stepdefinitions.LoginSteps.userIsOnLoginPage()
  When the user logs in with username "standard_user" and password "wrong_password"         # com.saucedemo.stepdefinitions.LoginSteps.userLogsInWithCredentials(java.lang.String,java.lang.String)
  Then the user should see an error message containing "Username and password do not match" # com.saucedemo.stepdefinitions.LoginSteps.userShouldSeeErrorMessage(java.lang.String)
]]></system-out>
  </testcase>
  <testcase name="runScenario[&quot;Failed login with empty credentials&quot;, &quot;Sauce Demo Login Functionality&quot;](5)" classname="com.saucedemo.runner.CucumberTestRunner" time="187.987">
    <system-out><![CDATA[
Scenario: Failed login with empty credentials                                 # src/test/resources/features/login.feature:25
  Given the user is on the login page                                         # com.saucedemo.stepdefinitions.LoginSteps.userIsOnLoginPage()
  When the user logs in with username "" and password ""                      # com.saucedemo.stepdefinitions.LoginSteps.userLogsInWithCredentials(java.lang.String,java.lang.String)
  Then the user should see an error message containing "Username is required" # com.saucedemo.stepdefinitions.LoginSteps.userShouldSeeErrorMessage(java.lang.String)
]]></system-out>
  </testcase>
  <testcase name="runScenario[&quot;Login with different types of users&quot;, &quot;Sauce Demo Login Functionality&quot;](6)" classname="com.saucedemo.runner.CucumberTestRunner" time="6.708">
    <system-out><![CDATA[
Scenario Outline: Login with different types of users # src/test/resources/features/login.feature:37
  Given the user is on the login page                 # com.saucedemo.stepdefinitions.LoginSteps.userIsOnLoginPage()
  When the user enters username "standard_user"       # com.saucedemo.stepdefinitions.LoginSteps.userEntersUsername(java.lang.String)
  And the user enters password "secret_sauce"         # com.saucedemo.stepdefinitions.LoginSteps.userEntersPassword(java.lang.String)
  And the user clicks the login button                # com.saucedemo.stepdefinitions.LoginSteps.userClicksLoginButton()
  Then the user should be logged in successfully      # com.saucedemo.stepdefinitions.LoginSteps.userShouldBeLoggedInSuccessfully()
]]></system-out>
  </testcase>
  <testcase name="runScenario[&quot;Login with different types of users&quot;, &quot;Sauce Demo Login Functionality&quot;](7)" classname="com.saucedemo.runner.CucumberTestRunner" time="5.777">
    <system-out><![CDATA[
Scenario Outline: Login with different types of users # src/test/resources/features/login.feature:38
  Given the user is on the login page                 # com.saucedemo.stepdefinitions.LoginSteps.userIsOnLoginPage()
  When the user enters username "problem_user"        # com.saucedemo.stepdefinitions.LoginSteps.userEntersUsername(java.lang.String)
  And the user enters password "secret_sauce"         # com.saucedemo.stepdefinitions.LoginSteps.userEntersPassword(java.lang.String)
  And the user clicks the login button                # com.saucedemo.stepdefinitions.LoginSteps.userClicksLoginButton()
  Then the user should be logged in successfully      # com.saucedemo.stepdefinitions.LoginSteps.userShouldBeLoggedInSuccessfully()
]]></system-out>
  </testcase>
  <testcase name="runScenario[&quot;Login with different types of users&quot;, &quot;Sauce Demo Login Functionality&quot;](8)" classname="com.saucedemo.runner.CucumberTestRunner" time="10.886">
    <system-out><![CDATA[
Scenario Outline: Login with different types of users     # src/test/resources/features/login.feature:39
  Given the user is on the login page                     # com.saucedemo.stepdefinitions.LoginSteps.userIsOnLoginPage()
  When the user enters username "performance_glitch_user" # com.saucedemo.stepdefinitions.LoginSteps.userEntersUsername(java.lang.String)
  And the user enters password "secret_sauce"             # com.saucedemo.stepdefinitions.LoginSteps.userEntersPassword(java.lang.String)
  And the user clicks the login button                    # com.saucedemo.stepdefinitions.LoginSteps.userClicksLoginButton()
  Then the user should be logged in successfully          # com.saucedemo.stepdefinitions.LoginSteps.userShouldBeLoggedInSuccessfully()
]]></system-out>
  </testcase>
  <testcase name="runScenario[&quot;Login with different types of users&quot;, &quot;Sauce Demo Login Functionality&quot;](9)" classname="com.saucedemo.runner.CucumberTestRunner" time="26.022">
    <system-out><![CDATA[
Scenario Outline: Login with different types of users               # src/test/resources/features/login.feature:40
  Given the user is on the login page                               # com.saucedemo.stepdefinitions.LoginSteps.userIsOnLoginPage()
  When the user enters username "locked_out_user"                   # com.saucedemo.stepdefinitions.LoginSteps.userEntersUsername(java.lang.String)
  And the user enters password "secret_sauce"                       # com.saucedemo.stepdefinitions.LoginSteps.userEntersPassword(java.lang.String)
  And the user clicks the login button                              # com.saucedemo.stepdefinitions.LoginSteps.userClicksLoginButton()
  Then the user should see an error message containing "locked out" # com.saucedemo.stepdefinitions.LoginSteps.userShouldSeeErrorMessage(java.lang.String)
]]></system-out>
  </testcase>
  <testcase name="runScenario[&quot;Login with different types of users&quot;, &quot;Sauce Demo Login Functionality&quot;](10)" classname="com.saucedemo.runner.CucumberTestRunner" time="26.31">
    <system-out><![CDATA[
Scenario Outline: Login with different types of users                                       # src/test/resources/features/login.feature:41
  Given the user is on the login page                                                       # com.saucedemo.stepdefinitions.LoginSteps.userIsOnLoginPage()
  When the user enters username "invalid_user"                                              # com.saucedemo.stepdefinitions.LoginSteps.userEntersUsername(java.lang.String)
  And the user enters password "secret_sauce"                                               # com.saucedemo.stepdefinitions.LoginSteps.userEntersPassword(java.lang.String)
  And the user clicks the login button                                                      # com.saucedemo.stepdefinitions.LoginSteps.userClicksLoginButton()
  Then the user should see an error message containing "Username and password do not match" # com.saucedemo.stepdefinitions.LoginSteps.userShouldSeeErrorMessage(java.lang.String)
]]></system-out>
  </testcase>
  <testcase name="runScenario[&quot;Login with different types of users&quot;, &quot;Sauce Demo Login Functionality&quot;](11)" classname="com.saucedemo.runner.CucumberTestRunner" time="26.804">
    <system-out><![CDATA[
Scenario Outline: Login with different types of users                                       # src/test/resources/features/login.feature:42
  Given the user is on the login page                                                       # com.saucedemo.stepdefinitions.LoginSteps.userIsOnLoginPage()
  When the user enters username "standard_user"                                             # com.saucedemo.stepdefinitions.LoginSteps.userEntersUsername(java.lang.String)
  And the user enters password "wrong_pass"                                                 # com.saucedemo.stepdefinitions.LoginSteps.userEntersPassword(java.lang.String)
  And the user clicks the login button                                                      # com.saucedemo.stepdefinitions.LoginSteps.userClicksLoginButton()
  Then the user should see an error message containing "Username and password do not match" # com.saucedemo.stepdefinitions.LoginSteps.userShouldSeeErrorMessage(java.lang.String)
]]></system-out>
  </testcase>
</testsuite>